  unity_DK103064LPRAQBNY.cpp
E:\DirectX_3DProject\Engine\Public\Engine_Defines.h(43,1): warning C4005: 'RAPIDJSON_HAS_STDSTRING': 매크로 재정의
E:\DirectX_3DProject\Engine\Public\rapidjson\rapidjson.h(147): message : 'RAPIDJSON_HAS_STDSTRING'의 이전 정의를 참조하십시오.
E:\DirectX_3DProject\Engine\Public\BrainTree\BrainTree.h(441,1): warning C4267: '=': 'size_t'에서 'int'(으)로 변환하면서 데이터가 손실될 수 있습니다.
E:\DirectX_3DProject\Engine\Public\BrainTree\BrainTree.h(448,1): warning C4267: '=': 'size_t'에서 'int'(으)로 변환하면서 데이터가 손실될 수 있습니다.
E:\DirectX_3DProject\Engine\Public\AnimationData.h(11,27): warning C4099: 'Engine::CHANNEL_DATA': 처음에는 'struct'을(를) 사용하여 형식 이름을 표시했는데 이제는 'class'을(를) 사용하여 표시합니다.
E:\DirectX_3DProject\Engine\Public\ChannelData.h(6): message : 'Engine::CHANNEL_DATA' 선언을 참조하십시오.
E:\DirectX_3DProject\Engine\Private\Channel.cpp(52,55): warning C4244: '=': 'double'에서 'float'(으)로 변환하면서 데이터가 손실될 수 있습니다.
E:\DirectX_3DProject\Engine\Private\Channel.cpp(61,56): warning C4244: '=': 'double'에서 'float'(으)로 변환하면서 데이터가 손실될 수 있습니다.
E:\DirectX_3DProject\Engine\Private\Channel.cpp(66,56): warning C4244: '=': 'double'에서 'float'(으)로 변환하면서 데이터가 손실될 수 있습니다.
E:\DirectX_3DProject\Engine\Private\Mesh.cpp(226,66): warning C4267: '=': 'size_t'에서 'uint32_t'(으)로 변환하면서 데이터가 손실될 수 있습니다.
E:\DirectX_3DProject\Engine\Private\Mesh.cpp(232,66): warning C4267: '=': 'size_t'에서 'uint32_t'(으)로 변환하면서 데이터가 손실될 수 있습니다.
E:\DirectX_3DProject\Engine\Private\Mesh.cpp(238,66): warning C4267: '=': 'size_t'에서 'uint32_t'(으)로 변환하면서 데이터가 손실될 수 있습니다.
E:\DirectX_3DProject\Engine\Private\Mesh.cpp(244,66): warning C4267: '=': 'size_t'에서 'uint32_t'(으)로 변환하면서 데이터가 손실될 수 있습니다.
E:\DirectX_3DProject\Engine\Private\Mesh.cpp(306,39): warning C4267: '초기화 중': 'size_t'에서 'Engine::_int'(으)로 변환하면서 데이터가 손실될 수 있습니다.
E:\DirectX_3DProject\Engine\Private\Mesh.cpp(308,22): warning C4018: '<': signed 또는 unsigned가 일치하지 않습니다.
E:\DirectX_3DProject\Engine\Private\Model.cpp(202,77): warning C4267: '인수': 'size_t'에서 'int'(으)로 변환하면서 데이터가 손실될 수 있습니다.
E:\DirectX_3DProject\Engine\Private\Model.cpp(224,39): warning C4267: '초기화 중': 'size_t'에서 'Engine::_int'(으)로 변환하면서 데이터가 손실될 수 있습니다.
E:\DirectX_3DProject\Engine\Private\Shader.cpp(45,58): warning C4267: '인수': 'size_t'에서 'uint32_t'(으)로 변환하면서 데이터가 손실될 수 있습니다.
E:\DirectX_3DProject\Engine\Private\VIBuffer_Dynamic_Terrain.cpp(38,42): warning C4267: '초기화 중': 'size_t'에서 'Engine::_uint'(으)로 변환하면서 데이터가 손실될 수 있습니다.
E:\DirectX_3DProject\Engine\Private\VIBuffer_Terrain.cpp(72,42): warning C4267: '초기화 중': 'size_t'에서 'Engine::_uint'(으)로 변환하면서 데이터가 손실될 수 있습니다.
E:\DirectX_3DProject\Engine\Private\VIBuffer_Terrain.cpp(78,83): warning C4244: '인수': 'size_t'에서 'float'(으)로 변환하면서 데이터가 손실될 수 있습니다.
E:\DirectX_3DProject\Engine\Private\VIBuffer_Terrain.cpp(78,42): warning C4244: '인수': 'size_t'에서 'float'(으)로 변환하면서 데이터가 손실될 수 있습니다.
E:\DirectX_3DProject\Engine\Private\VIBuffer_Terrain.cpp(109,42): warning C4267: '초기화 중': 'size_t'에서 'Engine::_uint'(으)로 변환하면서 데이터가 손실될 수 있습니다.
     ..\Bin\Debug\x64\Engine.lib 라이브러리 및 ..\Bin\Debug\x64\Engine.exp 개체를 생성하고 있습니다.
Effects11d.lib(d3dxGlobal.obj) : warning LNK4099: '' PDB를 'Effects11d.lib(d3dxGlobal.obj)' 또는 ''에서 찾을 수 없습니다. 디버그 정보가 없는 것처럼 개체를 링크합니다.
Effects11d.lib(EffectAPI.obj) : warning LNK4099: 'Effects11d.pdb' PDB를 'Effects11d.lib(EffectAPI.obj)' 또는 'E:\DirectX_3DProject\Engine\Bin\Debug\x64\Effects11d.pdb'에서 찾을 수 없습니다. 디버그 정보가 없는 것처럼 개체를 링크합니다.
Effects11d.lib(EffectLoad.obj) : warning LNK4099: 'Effects11d.pdb' PDB를 'Effects11d.lib(EffectLoad.obj)' 또는 'E:\DirectX_3DProject\Engine\Bin\Debug\x64\Effects11d.pdb'에서 찾을 수 없습니다. 디버그 정보가 없는 것처럼 개체를 링크합니다.
Effects11d.lib(EffectNonRuntime.obj) : warning LNK4099: 'Effects11d.pdb' PDB를 'Effects11d.lib(EffectNonRuntime.obj)' 또는 'E:\DirectX_3DProject\Engine\Bin\Debug\x64\Effects11d.pdb'에서 찾을 수 없습니다. 디버그 정보가 없는 것처럼 개체를 링크합니다.
Effects11d.lib(EffectReflection.obj) : warning LNK4099: 'Effects11d.pdb' PDB를 'Effects11d.lib(EffectReflection.obj)' 또는 'E:\DirectX_3DProject\Engine\Bin\Debug\x64\Effects11d.pdb'에서 찾을 수 없습니다. 디버그 정보가 없는 것처럼 개체를 링크합니다.
Effects11d.lib(EffectRuntime.obj) : warning LNK4099: 'Effects11d.pdb' PDB를 'Effects11d.lib(EffectRuntime.obj)' 또는 'E:\DirectX_3DProject\Engine\Bin\Debug\x64\Effects11d.pdb'에서 찾을 수 없습니다. 디버그 정보가 없는 것처럼 개체를 링크합니다.
DirectXTKd.lib(DDSTextureLoader.obj) : warning LNK4099: 'DirectXTK.pdb' PDB를 'DirectXTKd.lib(DDSTextureLoader.obj)' 또는 'E:\DirectX_3DProject\Engine\Bin\Debug\x64\DirectXTK.pdb'에서 찾을 수 없습니다. 디버그 정보가 없는 것처럼 개체를 링크합니다.
DirectXTKd.lib(pch.obj) : warning LNK4099: 'DirectXTK.pdb' PDB를 'DirectXTKd.lib(pch.obj)' 또는 'E:\DirectX_3DProject\Engine\Bin\Debug\x64\DirectXTK.pdb'에서 찾을 수 없습니다. 디버그 정보가 없는 것처럼 개체를 링크합니다.
DirectXTKd.lib(WICTextureLoader.obj) : warning LNK4099: 'DirectXTK.pdb' PDB를 'DirectXTKd.lib(WICTextureLoader.obj)' 또는 'E:\DirectX_3DProject\Engine\Bin\Debug\x64\DirectXTK.pdb'에서 찾을 수 없습니다. 디버그 정보가 없는 것처럼 개체를 링크합니다.
  Engine.vcxproj -> E:\DirectX_3DProject\Engine\Bin\Debug\x64\Engine.dll
  E:\DirectX_3DProject\Engine\Public\Animation.h
  E:\DirectX_3DProject\Engine\Public\AnimationData.h
  E:\DirectX_3DProject\Engine\Public\Base.h
  E:\DirectX_3DProject\Engine\Public\BehaviorTree.h
  E:\DirectX_3DProject\Engine\Public\Bone.h
  E:\DirectX_3DProject\Engine\Public\BoneData.h
  E:\DirectX_3DProject\Engine\Public\Camera.h
  E:\DirectX_3DProject\Engine\Public\Cell.h
  E:\DirectX_3DProject\Engine\Public\Channel.h
  E:\DirectX_3DProject\Engine\Public\ChannelData.h
  E:\DirectX_3DProject\Engine\Public\Component.h
  E:\DirectX_3DProject\Engine\Public\Component_Manager.h
  E:\DirectX_3DProject\Engine\Public\Engine_Defines.h
  E:\DirectX_3DProject\Engine\Public\Engine_Function.h
  E:\DirectX_3DProject\Engine\Public\Engine_Macro.h
  E:\DirectX_3DProject\Engine\Public\Engine_Struct.h
  E:\DirectX_3DProject\Engine\Public\Engine_Typedef.h
  E:\DirectX_3DProject\Engine\Public\GameInstance.h
  E:\DirectX_3DProject\Engine\Public\GameObject.h
  E:\DirectX_3DProject\Engine\Public\Graphic_Device.h
  E:\DirectX_3DProject\Engine\Public\Input_Device.h
  E:\DirectX_3DProject\Engine\Public\Layer.h
  E:\DirectX_3DProject\Engine\Public\Level.h
  E:\DirectX_3DProject\Engine\Public\Level_Manager.h
  E:\DirectX_3DProject\Engine\Public\MaterialData.h
  E:\DirectX_3DProject\Engine\Public\Mesh.h
  E:\DirectX_3DProject\Engine\Public\MeshData.h
  E:\DirectX_3DProject\Engine\Public\Model.h
  E:\DirectX_3DProject\Engine\Public\Navigation.h
  E:\DirectX_3DProject\Engine\Public\NodeData.h
  E:\DirectX_3DProject\Engine\Public\Object_Manager.h
  E:\DirectX_3DProject\Engine\Public\Picker.h
  E:\DirectX_3DProject\Engine\Public\PipeLine.h
  E:\DirectX_3DProject\Engine\Public\Renderer.h
  E:\DirectX_3DProject\Engine\Public\Shader.h
  E:\DirectX_3DProject\Engine\Public\Texture.h
  E:\DirectX_3DProject\Engine\Public\Timer.h
  E:\DirectX_3DProject\Engine\Public\Timer_Manager.h
  E:\DirectX_3DProject\Engine\Public\Transform.h
  E:\DirectX_3DProject\Engine\Public\VIBuffer.h
  E:\DirectX_3DProject\Engine\Public\VIBuffer_Cell.h
  E:\DirectX_3DProject\Engine\Public\VIBuffer_Dynamic_Terrain.h
  E:\DirectX_3DProject\Engine\Public\VIBuffer_Rect.h
  E:\DirectX_3DProject\Engine\Public\VIBuffer_Terrain.h
  E:\DirectX_3DProject\Engine\Public\assimp\.editorconfig
  E:\DirectX_3DProject\Engine\Public\assimp\aabb.h
  E:\DirectX_3DProject\Engine\Public\assimp\ai_assert.h
  E:\DirectX_3DProject\Engine\Public\assimp\anim.h
  E:\DirectX_3DProject\Engine\Public\assimp\BaseImporter.h
  E:\DirectX_3DProject\Engine\Public\assimp\Bitmap.h
  E:\DirectX_3DProject\Engine\Public\assimp\BlobIOSystem.h
  E:\DirectX_3DProject\Engine\Public\assimp\ByteSwapper.h
  E:\DirectX_3DProject\Engine\Public\assimp\camera.h
  E:\DirectX_3DProject\Engine\Public\assimp\cexport.h
  E:\DirectX_3DProject\Engine\Public\assimp\cfileio.h
  E:\DirectX_3DProject\Engine\Public\assimp\cimport.h
  E:\DirectX_3DProject\Engine\Public\assimp\color4.h
  E:\DirectX_3DProject\Engine\Public\assimp\color4.inl
  E:\DirectX_3DProject\Engine\Public\assimp\config.h
  E:\DirectX_3DProject\Engine\Public\assimp\config.h.in
  E:\DirectX_3DProject\Engine\Public\assimp\CreateAnimMesh.h
  E:\DirectX_3DProject\Engine\Public\assimp\DefaultIOStream.h
  E:\DirectX_3DProject\Engine\Public\assimp\DefaultIOSystem.h
  E:\DirectX_3DProject\Engine\Public\assimp\DefaultLogger.hpp
  E:\DirectX_3DProject\Engine\Public\assimp\Defines.h
  E:\DirectX_3DProject\Engine\Public\assimp\defs.h
  E:\DirectX_3DProject\Engine\Public\assimp\Exceptional.h
  E:\DirectX_3DProject\Engine\Public\assimp\Exporter.hpp
  E:\DirectX_3DProject\Engine\Public\assimp\fast_atof.h
  E:\DirectX_3DProject\Engine\Public\assimp\GenericProperty.h
  E:\DirectX_3DProject\Engine\Public\assimp\Hash.h
  E:\DirectX_3DProject\Engine\Public\assimp\Importer.hpp
  E:\DirectX_3DProject\Engine\Public\assimp\importerdesc.h
  E:\DirectX_3DProject\Engine\Public\assimp\IOStream.hpp
  E:\DirectX_3DProject\Engine\Public\assimp\IOStreamBuffer.h
  E:\DirectX_3DProject\Engine\Public\assimp\IOSystem.hpp
  E:\DirectX_3DProject\Engine\Public\assimp\irrXMLWrapper.h
  E:\DirectX_3DProject\Engine\Public\assimp\light.h
  E:\DirectX_3DProject\Engine\Public\assimp\LineSplitter.h
  E:\DirectX_3DProject\Engine\Public\assimp\LogAux.h
  E:\DirectX_3DProject\Engine\Public\assimp\Logger.hpp
  E:\DirectX_3DProject\Engine\Public\assimp\LogStream.hpp
  E:\DirectX_3DProject\Engine\Public\assimp\Macros.h
  E:\DirectX_3DProject\Engine\Public\assimp\material.h
  E:\DirectX_3DProject\Engine\Public\assimp\material.inl
  E:\DirectX_3DProject\Engine\Public\assimp\MathFunctions.h
  E:\DirectX_3DProject\Engine\Public\assimp\matrix3x3.h
  E:\DirectX_3DProject\Engine\Public\assimp\matrix3x3.inl
  E:\DirectX_3DProject\Engine\Public\assimp\matrix4x4.h
  E:\DirectX_3DProject\Engine\Public\assimp\matrix4x4.inl
  E:\DirectX_3DProject\Engine\Public\assimp\MemoryIOWrapper.h
  E:\DirectX_3DProject\Engine\Public\assimp\mesh.h
  E:\DirectX_3DProject\Engine\Public\assimp\metadata.h
  E:\DirectX_3DProject\Engine\Public\assimp\NullLogger.hpp
  E:\DirectX_3DProject\Engine\Public\assimp\ParsingUtils.h
  E:\DirectX_3DProject\Engine\Public\assimp\pbrmaterial.h
  E:\DirectX_3DProject\Engine\Public\assimp\postprocess.h
  E:\DirectX_3DProject\Engine\Public\assimp\Profiler.h
  E:\DirectX_3DProject\Engine\Public\assimp\ProgressHandler.hpp
  E:\DirectX_3DProject\Engine\Public\assimp\qnan.h
  E:\DirectX_3DProject\Engine\Public\assimp\quaternion.h
  E:\DirectX_3DProject\Engine\Public\assimp\quaternion.inl
  E:\DirectX_3DProject\Engine\Public\assimp\RemoveComments.h
  E:\DirectX_3DProject\Engine\Public\assimp\scene.h
  E:\DirectX_3DProject\Engine\Public\assimp\SceneCombiner.h
  E:\DirectX_3DProject\Engine\Public\assimp\SGSpatialSort.h
  E:\DirectX_3DProject\Engine\Public\assimp\SkeletonMeshBuilder.h
  E:\DirectX_3DProject\Engine\Public\assimp\SmoothingGroups.h
  E:\DirectX_3DProject\Engine\Public\assimp\SmoothingGroups.inl
  E:\DirectX_3DProject\Engine\Public\assimp\SpatialSort.h
  E:\DirectX_3DProject\Engine\Public\assimp\StandardShapes.h
  E:\DirectX_3DProject\Engine\Public\assimp\StreamReader.h
  E:\DirectX_3DProject\Engine\Public\assimp\StreamWriter.h
  E:\DirectX_3DProject\Engine\Public\assimp\StringComparison.h
  E:\DirectX_3DProject\Engine\Public\assimp\StringUtils.h
  E:\DirectX_3DProject\Engine\Public\assimp\Subdivision.h
  E:\DirectX_3DProject\Engine\Public\assimp\texture.h
  E:\DirectX_3DProject\Engine\Public\assimp\TinyFormatter.h
  E:\DirectX_3DProject\Engine\Public\assimp\types.h
  E:\DirectX_3DProject\Engine\Public\assimp\vector2.h
  E:\DirectX_3DProject\Engine\Public\assimp\vector2.inl
  E:\DirectX_3DProject\Engine\Public\assimp\vector3.h
  E:\DirectX_3DProject\Engine\Public\assimp\vector3.inl
  E:\DirectX_3DProject\Engine\Public\assimp\version.h
  E:\DirectX_3DProject\Engine\Public\assimp\Vertex.h
  E:\DirectX_3DProject\Engine\Public\assimp\XMLTools.h
  E:\DirectX_3DProject\Engine\Public\assimp\ZipArchiveIOSystem.h
  E:\DirectX_3DProject\Engine\Public\assimp\Compiler\poppack1.h
  E:\DirectX_3DProject\Engine\Public\assimp\Compiler\pstdint.h
  E:\DirectX_3DProject\Engine\Public\assimp\Compiler\pushpack1.h
  E:\DirectX_3DProject\Engine\Public\assimp\port\AndroidJNI\AndroidJNIIOSystem.h
  E:\DirectX_3DProject\Engine\Public\BrainTree\BrainTree.h
  E:\DirectX_3DProject\Engine\Public\BrainTree\LICENSE
  E:\DirectX_3DProject\Engine\Public\BrainTree\README.md
  E:\DirectX_3DProject\Engine\Public\BrainTree\example\Example01_Simple.cpp
  E:\DirectX_3DProject\Engine\Public\BrainTree\example\Example02_Simple.cpp
  E:\DirectX_3DProject\Engine\Public\DirectXTK\Audio.h
  E:\DirectX_3DProject\Engine\Public\DirectXTK\CommonStates.h
  E:\DirectX_3DProject\Engine\Public\DirectXTK\DDSTextureLoader.h
  E:\DirectX_3DProject\Engine\Public\DirectXTK\DirectXHelpers.h
  E:\DirectX_3DProject\Engine\Public\DirectXTK\Effects.h
  E:\DirectX_3DProject\Engine\Public\DirectXTK\GamePad.h
  E:\DirectX_3DProject\Engine\Public\DirectXTK\GeometricPrimitive.h
  E:\DirectX_3DProject\Engine\Public\DirectXTK\GraphicsMemory.h
  E:\DirectX_3DProject\Engine\Public\DirectXTK\Keyboard.h
  E:\DirectX_3DProject\Engine\Public\DirectXTK\Model.h
  E:\DirectX_3DProject\Engine\Public\DirectXTK\Mouse.h
  E:\DirectX_3DProject\Engine\Public\DirectXTK\PostProcess.h
  E:\DirectX_3DProject\Engine\Public\DirectXTK\PrimitiveBatch.h
  E:\DirectX_3DProject\Engine\Public\DirectXTK\ScreenGrab.h
  E:\DirectX_3DProject\Engine\Public\DirectXTK\SimpleMath.h
  E:\DirectX_3DProject\Engine\Public\DirectXTK\SimpleMath.inl
  E:\DirectX_3DProject\Engine\Public\DirectXTK\SpriteBatch.h
  E:\DirectX_3DProject\Engine\Public\DirectXTK\SpriteFont.h
  E:\DirectX_3DProject\Engine\Public\DirectXTK\VertexTypes.h
  E:\DirectX_3DProject\Engine\Public\DirectXTK\WICTextureLoader.h
  E:\DirectX_3DProject\Engine\Public\DirectXTK\XboxDDSTextureLoader.h
  E:\DirectX_3DProject\Engine\Public\Effects11\d3dx11effect.h
  E:\DirectX_3DProject\Engine\Public\Effects11\d3dxGlobal.h
  E:\DirectX_3DProject\Engine\Public\ImGuizmo\GraphEditor.h
  E:\DirectX_3DProject\Engine\Public\ImGuizmo\ImCurveEdit.h
  E:\DirectX_3DProject\Engine\Public\ImGuizmo\ImGradient.h
  E:\DirectX_3DProject\Engine\Public\ImGuizmo\ImGuizmo.h
  E:\DirectX_3DProject\Engine\Public\ImGuizmo\ImSequencer.h
  E:\DirectX_3DProject\Engine\Public\ImGuizmo\ImZoomSlider.h
  E:\DirectX_3DProject\Engine\Public\Json\json.hpp
  E:\DirectX_3DProject\Engine\Public\Json\Json_Utility.h
  E:\DirectX_3DProject\Engine\Public\rapidjson\allocators.h
  E:\DirectX_3DProject\Engine\Public\rapidjson\cursorstreamwrapper.h
  E:\DirectX_3DProject\Engine\Public\rapidjson\document.h
  E:\DirectX_3DProject\Engine\Public\rapidjson\encodedstream.h
  E:\DirectX_3DProject\Engine\Public\rapidjson\encodings.h
  E:\DirectX_3DProject\Engine\Public\rapidjson\filereadstream.h
  E:\DirectX_3DProject\Engine\Public\rapidjson\filewritestream.h
  E:\DirectX_3DProject\Engine\Public\rapidjson\fwd.h
  E:\DirectX_3DProject\Engine\Public\rapidjson\istreamwrapper.h
  E:\DirectX_3DProject\Engine\Public\rapidjson\memorybuffer.h
  E:\DirectX_3DProject\Engine\Public\rapidjson\memorystream.h
  E:\DirectX_3DProject\Engine\Public\rapidjson\ostreamwrapper.h
  E:\DirectX_3DProject\Engine\Public\rapidjson\pointer.h
  E:\DirectX_3DProject\Engine\Public\rapidjson\prettywriter.h
  E:\DirectX_3DProject\Engine\Public\rapidjson\rapidjson.h
  E:\DirectX_3DProject\Engine\Public\rapidjson\reader.h
  E:\DirectX_3DProject\Engine\Public\rapidjson\schema.h
  E:\DirectX_3DProject\Engine\Public\rapidjson\stream.h
  E:\DirectX_3DProject\Engine\Public\rapidjson\stringbuffer.h
  E:\DirectX_3DProject\Engine\Public\rapidjson\uri.h
  E:\DirectX_3DProject\Engine\Public\rapidjson\writer.h
  E:\DirectX_3DProject\Engine\Public\rapidjson\error\en.h
  E:\DirectX_3DProject\Engine\Public\rapidjson\error\error.h
  E:\DirectX_3DProject\Engine\Public\rapidjson\internal\biginteger.h
  E:\DirectX_3DProject\Engine\Public\rapidjson\internal\clzll.h
  E:\DirectX_3DProject\Engine\Public\rapidjson\internal\diyfp.h
  E:\DirectX_3DProject\Engine\Public\rapidjson\internal\dtoa.h
  E:\DirectX_3DProject\Engine\Public\rapidjson\internal\ieee754.h
  E:\DirectX_3DProject\Engine\Public\rapidjson\internal\itoa.h
  E:\DirectX_3DProject\Engine\Public\rapidjson\internal\meta.h
  E:\DirectX_3DProject\Engine\Public\rapidjson\internal\pow10.h
  E:\DirectX_3DProject\Engine\Public\rapidjson\internal\regex.h
  E:\DirectX_3DProject\Engine\Public\rapidjson\internal\stack.h
  E:\DirectX_3DProject\Engine\Public\rapidjson\internal\strfunc.h
  E:\DirectX_3DProject\Engine\Public\rapidjson\internal\strtod.h
  E:\DirectX_3DProject\Engine\Public\rapidjson\internal\swap.h
  E:\DirectX_3DProject\Engine\Public\rapidjson\msinttypes\inttypes.h
  E:\DirectX_3DProject\Engine\Public\rapidjson\msinttypes\stdint.h
  205개 파일이 복사되었습니다.
  ..\Bin\Debug\x64\Engine.lib
  1개 파일이 복사되었습니다.
  ..\Bin\Debug\x64\Engine.dll
  1개 파일이 복사되었습니다.
  E:\DirectX_3DProject\Engine\ThirdPartyLib\assimp-vc142-mt.lib
  E:\DirectX_3DProject\Engine\ThirdPartyLib\assimp-vc142-mtd.lib
  E:\DirectX_3DProject\Engine\ThirdPartyLib\DirectXTK.lib
  E:\DirectX_3DProject\Engine\ThirdPartyLib\DirectXTKd.lib
  E:\DirectX_3DProject\Engine\ThirdPartyLib\Effects11.lib
  E:\DirectX_3DProject\Engine\ThirdPartyLib\Effects11d.lib
  E:\DirectX_3DProject\Engine\ThirdPartyLib\ImGuiFileDialog.lib
  E:\DirectX_3DProject\Engine\ThirdPartyLib\ImGuiFileDialogd.lib
  E:\DirectX_3DProject\Engine\ThirdPartyLib\imguizmo.lib
  E:\DirectX_3DProject\Engine\ThirdPartyLib\imguizmod.lib
  10개 파일이 복사되었습니다.
  E:\DirectX_3DProject\Engine\Bin\ShaderFiles\Shader_Navigation.hlsl
  1개 파일이 복사되었습니다.
