e:\directx_3dproject\client\bin\intermediate\debug\x64\client.pch
e:\directx_3dproject\client\bin\intermediate\debug\x64\vc142.pdb
e:\directx_3dproject\client\bin\intermediate\debug\x64\vc142.idb
e:\directx_3dproject\client\bin\intermediate\debug\x64\stdafx.obj
e:\directx_3dproject\client\bin\debug\x64\client.lib
e:\directx_3dproject\client\bin\debug\x64\client.exp
e:\directx_3dproject\client\bin\debug\x64\shader_animmodel.cso
e:\directx_3dproject\client\bin\debug\x64\shader_model.cso
e:\directx_3dproject\client\bin\debug\x64\shader_vtxnortex.cso
e:\directx_3dproject\client\bin\debug\x64\shader_vtxpostex.cso
e:\directx_3dproject\client\bin\debug\x64\client.exe
e:\directx_3dproject\client\bin\intermediate\debug\x64\client.ilk
e:\directx_3dproject\client\bin\debug\x64\client.pdb
e:\directx_3dproject\client\bin\intermediate\debug\x64\client.res
e:\directx_3dproject\client\bin\intermediate\debug\x64\client.tlog\cl.command.1.tlog
e:\directx_3dproject\client\bin\intermediate\debug\x64\client.tlog\cl.read.1.tlog
e:\directx_3dproject\client\bin\intermediate\debug\x64\client.tlog\cl.write.1.tlog
e:\directx_3dproject\client\bin\intermediate\debug\x64\client.tlog\client.write.1u.tlog
e:\directx_3dproject\client\bin\intermediate\debug\x64\client.tlog\fxc.command.1.tlog
e:\directx_3dproject\client\bin\intermediate\debug\x64\client.tlog\fxc.read.1.tlog
e:\directx_3dproject\client\bin\intermediate\debug\x64\client.tlog\fxc.write.1.tlog
e:\directx_3dproject\client\bin\intermediate\debug\x64\client.tlog\link.command.1.tlog
e:\directx_3dproject\client\bin\intermediate\debug\x64\client.tlog\link.read.1.tlog
e:\directx_3dproject\client\bin\intermediate\debug\x64\client.tlog\link.write.1.tlog
e:\directx_3dproject\client\bin\intermediate\debug\x64\client.tlog\rc.command.1.tlog
e:\directx_3dproject\client\bin\intermediate\debug\x64\client.tlog\rc.read.1.tlog
e:\directx_3dproject\client\bin\intermediate\debug\x64\client.tlog\rc.write.1.tlog
